Using pre-set license
Built from '2020.3/china_unity/release' branch; Version is '2020.3.13f1c1 (93b9df9a3ddc) revision 9681375'; Using compiler version '192528614'; Build Type 'Release'
OS: 'Windows 10 Home China; OS build 19042.1110; Version 2009; 64bit' Language: 'zh' Physical Memory: 16292 MB
BatchMode: 1, IsHumanControllingUs: 0, StartBugReporterOnCrash: 0, Is64bit: 1, IsPro: 0

 COMMAND LINE ARGUMENTS:
D:\Unity\Unity 2021.1.9f1c1\Editor\2020.3.13f1c1\Editor\Unity.exe
-adb2
-batchMode
-noUpm
-name
AssetImportWorker0
-projectPath
D:/Unity/Unity Workspace/RobbiePlatform
-logFile
Logs/AssetImportWorker0.log
-srvPort
4958
Successfully changed project path to: D:/Unity/Unity Workspace/RobbiePlatform
D:/Unity/Unity Workspace/RobbiePlatform
Using Asset Import Pipeline V2.
Refreshing native plugins compatible for Editor in 58.30 ms, found 3 plugins.
Preloading 0 native plugins for Editor in 0.00 ms.
Initialize engine version: 2020.3.13f1c1 (93b9df9a3ddc)
[Subsystems] Discovering subsystems at path D:/Unity/Unity 2021.1.9f1c1/Editor/2020.3.13f1c1/Editor/Data/Resources/UnitySubsystems
[Subsystems] Discovering subsystems at path D:/Unity/Unity Workspace/RobbiePlatform/Assets
GfxDevice: creating device client; threaded=0
Direct3D:
    Version:  Direct3D 11.0 [level 11.1]
    Renderer: NVIDIA GeForce RTX 2060 (ID=0x1f15)
    Vendor:   
    VRAM:     5980 MB
    Driver:   27.21.14.5749
Shader 'Universal Render Pipeline/Particles/Lit': fallback shader 'Universal Render Pipeline/Particles/SimpleLit' not found
Initialize mono
Mono path[0] = 'D:/Unity/Unity 2021.1.9f1c1/Editor/2020.3.13f1c1/Editor/Data/Managed'
Mono path[1] = 'D:/Unity/Unity 2021.1.9f1c1/Editor/2020.3.13f1c1/Editor/Data/MonoBleedingEdge/lib/mono/unityjit'
Mono config path = 'D:/Unity/Unity 2021.1.9f1c1/Editor/2020.3.13f1c1/Editor/Data/MonoBleedingEdge/etc'
Using monoOptions --debugger-agent=transport=dt_socket,embedding=1,server=y,suspend=n,address=127.0.0.1:56708
Begin MonoManager ReloadAssembly
Registering precompiled unity dll's ...
Register platform support module: D:/Unity/Unity 2021.1.9f1c1/Editor/2020.3.13f1c1/Editor/Data/PlaybackEngines/WindowsStandaloneSupport/UnityEditor.WindowsStandalone.Extensions.dll
Registered in 0.002287 seconds.
Native extension for WindowsStandalone target not found
Refreshing native plugins compatible for Editor in 57.89 ms, found 3 plugins.
Preloading 0 native plugins for Editor in 0.00 ms.
Mono: successfully reloaded assembly
- Completed reload, in  0.830 seconds
Platform modules already initialized, skipping
Registering precompiled user dll's ...
Registered in 0.005537 seconds.
Begin MonoManager ReloadAssembly
Native extension for WindowsStandalone target not found
Refreshing native plugins compatible for Editor in 55.24 ms, found 3 plugins.
Preloading 0 native plugins for Editor in 0.00 ms.
Could not parse minor part '3' of Unity version '2020.3.13f1c1'.
Mono: successfully reloaded assembly
- Completed reload, in  1.017 seconds
Platform modules already initialized, skipping
========================================================================
Worker process is ready to serve import requests
Shader 'Universal Render Pipeline/Particles/Lit': fallback shader 'Universal Render Pipeline/Particles/SimpleLit' not found
Launched and connected shader compiler UnityShaderCompiler.exe after 0.05 seconds
Refreshing native plugins compatible for Editor in 1.23 ms, found 3 plugins.
Preloading 0 native plugins for Editor in 0.00 ms.
Unloading 3376 Unused Serialized files (Serialized files now loaded: 0)
System memory in use before: 154.8 MB.
System memory in use after: 155.0 MB.

Unloading 56 unused Assets to reduce memory usage. Loaded Objects now: 3794.
Total: 2.652600 ms (FindLiveObjects: 0.346300 ms CreateObjectMapping: 0.280900 ms MarkObjects: 1.938900 ms  DeleteObjects: 0.085500 ms)

AssetImportParameters requested are different than current active one (requested -> active):
  custom:framework-win-MediaFoundation: 216162199b28c13a410421893ffa2e32 -> 
  custom:video-decoder-ogg-theora: a1e56fd34408186e4bbccfd4996cb3dc -> 
  custom:container-muxer-webm: aa71ff27fc2769a1b78a27578f13a17b -> 
  custom:container-demuxer-webm: 4f35f7cbe854078d1ac9338744f61a02 -> 
  custom:container-demuxer-ogg: 62fdf1f143b41e24485cea50d1cbac27 -> 
  custom:video-encoder-webm-vp8: eb34c28f22e8b96e1ab97ce403110664 -> 
  custom:video-codec-MediaFoundation-h265: 746d11721c4dcdbdad8f713fa42b33f4 -> 
  custom:video-decoder-webm-vp8: 9c59270c3fd7afecdb556c50c9e8de78 -> 
  custom:audio-decoder-ogg-vorbis: bf7c407c2cedff20999df2af8eb42d56 -> 
  custom:audio-encoder-webm-vorbis: bf7c407c2cedff20999df2af8eb42d56 -> 
========================================================================
Received Import Request.
  path: Assets/URP
  artifactKey: Guid(5fd7cfc090d38be45ba0d476a4e36f24) Importer(815301076,1909f56bfc062723c751e8b465ee728b)
Start importing Assets/URP using Guid(5fd7cfc090d38be45ba0d476a4e36f24) Importer(815301076,1909f56bfc062723c751e8b465ee728b)  -> (artifact id: '92dafa10da007e7ef370f0022cfe83d8') in 0.008926 seconds 
  Import took 0.013061 seconds .

========================================================================
Received Import Request.
  Time since last request: 36.956573 seconds.
  path: Assets/URP/UniversalRenderPipelineAsset.asset
  artifactKey: Guid(3820ed51b00296343a90bb34e73c9ca6) Importer(815301076,1909f56bfc062723c751e8b465ee728b)
Start importing Assets/URP/UniversalRenderPipelineAsset.asset using Guid(3820ed51b00296343a90bb34e73c9ca6) Importer(815301076,1909f56bfc062723c751e8b465ee728b)  -> (artifact id: '40a12bb9484142b2d4c642284cf9bf80') in 0.050496 seconds 
  Import took 0.055694 seconds .

========================================================================
Received Import Request.
  Time since last request: 0.000191 seconds.
  path: Assets/URP/UniversalRenderPipelineAsset_Renderer.asset
  artifactKey: Guid(cbf77f1a34823a84eb197e7cd900a29e) Importer(815301076,1909f56bfc062723c751e8b465ee728b)
Start importing Assets/URP/UniversalRenderPipelineAsset_Renderer.asset using Guid(cbf77f1a34823a84eb197e7cd900a29e) Importer(815301076,1909f56bfc062723c751e8b465ee728b)  -> (artifact id: '1ad5f6f97c7b04ea022889ce11103f0b') in 0.023370 seconds 
  Import took 0.027972 seconds .

========================================================================
Received Import Request.
  Time since last request: 114.694255 seconds.
  path: Assets/URP/2D Renderer Data.asset
  artifactKey: Guid(a4160b4332857dc46bd384c9f0c21736) Importer(815301076,1909f56bfc062723c751e8b465ee728b)
Start importing Assets/URP/2D Renderer Data.asset using Guid(a4160b4332857dc46bd384c9f0c21736) Importer(815301076,1909f56bfc062723c751e8b465ee728b)  -> (artifact id: '176c93851838321e320a2ee9781c1df8') in 0.025904 seconds 
  Import took 0.032074 seconds .

========================================================================
Received Import Request.
  Time since last request: 0.000561 seconds.
  path: Assets/URP/2D Renderer Data.asset
  artifactKey: Guid(a4160b4332857dc46bd384c9f0c21736) Importer(815301076,1909f56bfc062723c751e8b465ee728b)
Start importing Assets/URP/2D Renderer Data.asset using Guid(a4160b4332857dc46bd384c9f0c21736) Importer(815301076,1909f56bfc062723c751e8b465ee728b)  -> (artifact id: '176c93851838321e320a2ee9781c1df8') in 0.017985 seconds 
  Import took 0.024806 seconds .

========================================================================
Received Prepare
Switching render pipeline 00000000000000000000000000000000 -> 3820ed51b00296343a90bb34e73c9ca6
Shader 'Universal Render Pipeline/Particles/Lit': fallback shader 'Universal Render Pipeline/Particles/SimpleLit' not found
Refreshing native plugins compatible for Editor in 4.79 ms, found 3 plugins.
Preloading 0 native plugins for Editor in 0.00 ms.
Unloading 89 Unused Serialized files (Serialized files now loaded: 0)
System memory in use before: 85.3 MB.
System memory in use after: 85.6 MB.

Unloading 41 unused Assets to reduce memory usage. Loaded Objects now: 3842.
Total: 3.492100 ms (FindLiveObjects: 0.303700 ms CreateObjectMapping: 0.164100 ms MarkObjects: 2.996000 ms  DeleteObjects: 0.027500 ms)

AssetImportParameters requested are different than current active one (requested -> active):
  custom:framework-win-MediaFoundation: 216162199b28c13a410421893ffa2e32 -> 
  custom:video-decoder-ogg-theora: a1e56fd34408186e4bbccfd4996cb3dc -> 
  custom:container-muxer-webm: aa71ff27fc2769a1b78a27578f13a17b -> 
  custom:container-demuxer-webm: 4f35f7cbe854078d1ac9338744f61a02 -> 
  custom:container-demuxer-ogg: 62fdf1f143b41e24485cea50d1cbac27 -> 
  custom:srp/default-shader: 0000e00a000e0de00000e000e02d0000 -> 0000e00a000e0de00000e000e0000000
  custom:video-encoder-webm-vp8: eb34c28f22e8b96e1ab97ce403110664 -> 
  custom:video-codec-MediaFoundation-h265: 746d11721c4dcdbdad8f713fa42b33f4 -> 
  custom:video-decoder-webm-vp8: 9c59270c3fd7afecdb556c50c9e8de78 -> 
  custom:audio-decoder-ogg-vorbis: bf7c407c2cedff20999df2af8eb42d56 -> 
  custom:audio-encoder-webm-vorbis: bf7c407c2cedff20999df2af8eb42d56 -> 
========================================================================
Received Import Request.
  Time since last request: 204.518053 seconds.
  path: Assets/URP/UniversalRenderPipelineAsset.asset
  artifactKey: Guid(3820ed51b00296343a90bb34e73c9ca6) Importer(815301076,1909f56bfc062723c751e8b465ee728b)
Start importing Assets/URP/UniversalRenderPipelineAsset.asset using Guid(3820ed51b00296343a90bb34e73c9ca6) Importer(815301076,1909f56bfc062723c751e8b465ee728b)  -> (artifact id: '9b46d2596f48b5181e1b5231318b3a14') in 0.013824 seconds 
  Import took 0.019454 seconds .

========================================================================
Received Import Request.
  Time since last request: 1.664399 seconds.
  path: Assets/URP/2D Renderer Data.asset
  artifactKey: Guid(a4160b4332857dc46bd384c9f0c21736) Importer(815301076,1909f56bfc062723c751e8b465ee728b)
Start importing Assets/URP/2D Renderer Data.asset using Guid(a4160b4332857dc46bd384c9f0c21736) Importer(815301076,1909f56bfc062723c751e8b465ee728b)  -> (artifact id: 'bfef26caf1548b3003cf0c53b78cf807') in 0.003368 seconds 
  Import took 0.008480 seconds .

========================================================================
Received Import Request.
  Time since last request: 0.000200 seconds.
  path: Assets/URP/UniversalRenderPipelineAsset_Renderer.asset
  artifactKey: Guid(cbf77f1a34823a84eb197e7cd900a29e) Importer(815301076,1909f56bfc062723c751e8b465ee728b)
Start importing Assets/URP/UniversalRenderPipelineAsset_Renderer.asset using Guid(cbf77f1a34823a84eb197e7cd900a29e) Importer(815301076,1909f56bfc062723c751e8b465ee728b)  -> (artifact id: '827279193e16cf00c73b955a365e889a') in 0.003531 seconds 
  Import took 0.008902 seconds .

========================================================================
Received Prepare
Shader 'Universal Render Pipeline/Particles/Lit': fallback shader 'Universal Render Pipeline/Particles/SimpleLit' not found
Refreshing native plugins compatible for Editor in 4.63 ms, found 3 plugins.
Preloading 0 native plugins for Editor in 0.00 ms.
Unloading 41 Unused Serialized files (Serialized files now loaded: 0)
System memory in use before: 83.8 MB.
System memory in use after: 84.1 MB.

Unloading 41 unused Assets to reduce memory usage. Loaded Objects now: 3842.
Total: 2.817200 ms (FindLiveObjects: 0.331600 ms CreateObjectMapping: 0.174600 ms MarkObjects: 2.285000 ms  DeleteObjects: 0.025300 ms)

AssetImportParameters requested are different than current active one (requested -> active):
  custom:framework-win-MediaFoundation: 216162199b28c13a410421893ffa2e32 -> 
  custom:video-decoder-ogg-theora: a1e56fd34408186e4bbccfd4996cb3dc -> 
  custom:container-muxer-webm: aa71ff27fc2769a1b78a27578f13a17b -> 
  custom:container-demuxer-webm: 4f35f7cbe854078d1ac9338744f61a02 -> 
  custom:container-demuxer-ogg: 62fdf1f143b41e24485cea50d1cbac27 -> 
  custom:video-encoder-webm-vp8: eb34c28f22e8b96e1ab97ce403110664 -> 
  custom:video-codec-MediaFoundation-h265: 746d11721c4dcdbdad8f713fa42b33f4 -> 
  custom:video-decoder-webm-vp8: 9c59270c3fd7afecdb556c50c9e8de78 -> 
  custom:audio-decoder-ogg-vorbis: bf7c407c2cedff20999df2af8eb42d56 -> 
  custom:audio-encoder-webm-vorbis: bf7c407c2cedff20999df2af8eb42d56 -> 
========================================================================
Received Import Request.
  Time since last request: 23.647194 seconds.
  path: Assets/URP/UniversalRenderPipelineAsset.asset
  artifactKey: Guid(3820ed51b00296343a90bb34e73c9ca6) Importer(815301076,1909f56bfc062723c751e8b465ee728b)
Start importing Assets/URP/UniversalRenderPipelineAsset.asset using Guid(3820ed51b00296343a90bb34e73c9ca6) Importer(815301076,1909f56bfc062723c751e8b465ee728b)  -> (artifact id: '0a28e0f8817c1306ba1197ada7e57562') in 0.010793 seconds 
  Import took 0.016667 seconds .

========================================================================
Received Import Request.
  Time since last request: 0.000325 seconds.
  path: Assets/URP/UniversalRenderPipelineAsset_Renderer.asset
  artifactKey: Guid(cbf77f1a34823a84eb197e7cd900a29e) Importer(815301076,1909f56bfc062723c751e8b465ee728b)
Start importing Assets/URP/UniversalRenderPipelineAsset_Renderer.asset using Guid(cbf77f1a34823a84eb197e7cd900a29e) Importer(815301076,1909f56bfc062723c751e8b465ee728b)  -> (artifact id: 'd48d8e3d024e12100cb68a6f4eb85b5e') in 0.002572 seconds 
  Import took 0.007698 seconds .

